
ROM used:   216/8192 (3%)
            216/8192 (3%) including unused fragments

            0.1 Average locations per line
            0.5 Average locations per statement

RAM used:   16/368 (4%) at main() level
            29/368 (8%) worst case

Stack used: 1 worst case (1 in main + 0 for interrupts)
Stack size: 8

Lines Stmts  %   Files
----- ----- ---  -----
  139    72  17  led_micro.c
  672     0   0  ..\..\..\..\..\..\..\Program Files (x86)\PICC\Devices\16F877A.h
 1351   359  83  ..\..\..\..\..\..\..\Program Files (x86)\PICC\Drivers\stdlib.h
   32     0   0  ..\..\..\..\..\..\..\Program Files (x86)\PICC\Drivers\stddef.h
  423     0   0  ..\..\..\..\..\..\..\Program Files (x86)\PICC\Drivers\string.h
   28     0   0  ..\..\..\..\..\..\..\Program Files (x86)\PICC\Drivers\ctype.h
  269     0   0  ..\..\..\..\..\..\..\Program Files (x86)\PICC\Drivers\input.c
----- -----
 2914   431 Total

Page ROM  %  RAM    Vol Diff  Functions:
---- --- --- ---    --- ----  ----------
0     21  10    1             @delay_ms1
0      7   3    0     24  1.5  RDA_isr
0     82  38    0    394  3.2  MAIN
0      7   3    0             @const981
0     88  41    4             @PSTRINGC7_9600_62_63
0      7   3    0             @const983
 Inline         0             @cinit1

Program metrics:
    Functions               2
    Statements              431
    Comments                618
    Volume (V)              468
    Difficulty (D)          4.4
    Effort to implement (E) 2049
    Time to implement (T)   2 minutes
    Est Delivered Bugs (B)  0
    Cyclomatic Complexity   2
    Maintainability (MI)    99

 Segment     Used  Free
-----------  ----  ----
00000-00003     4  0  
00004-007FF   212  1832  
00800-00FFF     0  2048  
01000-017FF     0  2048  
01800-01FFF     0  2048  



